mode: set
github.com/Capstone-Tim-12/warehouse-managament-system-be/usecase/user/default.go:17.165,24.2 1 1
github.com/Capstone-Tim-12/warehouse-managament-system-be/usecase/user/helper.go:11.54,21.2 4 0
github.com/Capstone-Tim-12/warehouse-managament-system-be/usecase/user/helper.go:23.43,26.2 2 1
github.com/Capstone-Tim-12/warehouse-managament-system-be/usecase/user/helper.go:28.51,30.16 2 0
github.com/Capstone-Tim-12/warehouse-managament-system-be/usecase/user/helper.go:30.16,32.3 1 0
github.com/Capstone-Tim-12/warehouse-managament-system-be/usecase/user/helper.go:34.2,34.12 1 0
github.com/Capstone-Tim-12/warehouse-managament-system-be/usecase/user/user.info.go:12.109,14.16 2 0
github.com/Capstone-Tim-12/warehouse-managament-system-be/usecase/user/user.info.go:14.16,18.3 3 0
github.com/Capstone-Tim-12/warehouse-managament-system-be/usecase/user/user.info.go:19.2,28.8 2 0
github.com/Capstone-Tim-12/warehouse-managament-system-be/usecase/user/user_chat_bot.go:15.114,73.31 5 0
github.com/Capstone-Tim-12/warehouse-managament-system-be/usecase/user/user_chat_bot.go:73.31,76.17 3 0
github.com/Capstone-Tim-12/warehouse-managament-system-be/usecase/user/user_chat_bot.go:76.17,80.4 3 0
github.com/Capstone-Tim-12/warehouse-managament-system-be/usecase/user/user_chat_bot.go:81.3,86.16 2 0
github.com/Capstone-Tim-12/warehouse-managament-system-be/usecase/user/user_chat_bot.go:89.2,90.16 2 0
github.com/Capstone-Tim-12/warehouse-managament-system-be/usecase/user/user_chat_bot.go:90.16,94.3 3 0
github.com/Capstone-Tim-12/warehouse-managament-system-be/usecase/user/user_chat_bot.go:96.2,104.16 5 0
github.com/Capstone-Tim-12/warehouse-managament-system-be/usecase/user/user_chat_bot.go:104.16,108.3 3 0
github.com/Capstone-Tim-12/warehouse-managament-system-be/usecase/user/user_chat_bot.go:110.2,111.8 2 0
github.com/Capstone-Tim-12/warehouse-managament-system-be/usecase/user/user_dasboar.go:12.121,14.16 2 0
github.com/Capstone-Tim-12/warehouse-managament-system-be/usecase/user/user_dasboar.go:14.16,18.3 3 0
github.com/Capstone-Tim-12/warehouse-managament-system-be/usecase/user/user_dasboar.go:20.2,20.33 1 0
github.com/Capstone-Tim-12/warehouse-managament-system-be/usecase/user/user_dasboar.go:20.33,22.27 2 0
github.com/Capstone-Tim-12/warehouse-managament-system-be/usecase/user/user_dasboar.go:22.27,26.4 3 0
github.com/Capstone-Tim-12/warehouse-managament-system-be/usecase/user/user_dasboar.go:29.2,31.24 3 0
github.com/Capstone-Tim-12/warehouse-managament-system-be/usecase/user/user_dasboar.go:31.24,34.3 2 0
github.com/Capstone-Tim-12/warehouse-managament-system-be/usecase/user/user_dasboar.go:35.2,37.16 3 0
github.com/Capstone-Tim-12/warehouse-managament-system-be/usecase/user/user_dasboar.go:37.16,42.3 4 0
github.com/Capstone-Tim-12/warehouse-managament-system-be/usecase/user/user_dasboar.go:44.2,45.8 2 0
github.com/Capstone-Tim-12/warehouse-managament-system-be/usecase/user/user_dasboard.go:13.139,15.16 2 0
github.com/Capstone-Tim-12/warehouse-managament-system-be/usecase/user/user_dasboard.go:15.16,19.3 3 0
github.com/Capstone-Tim-12/warehouse-managament-system-be/usecase/user/user_dasboard.go:20.2,20.37 1 0
github.com/Capstone-Tim-12/warehouse-managament-system-be/usecase/user/user_dasboard.go:20.37,28.3 1 0
github.com/Capstone-Tim-12/warehouse-managament-system-be/usecase/user/user_dasboard.go:29.2,29.8 1 0
github.com/Capstone-Tim-12/warehouse-managament-system-be/usecase/user/user_dasboard.go:32.109,34.16 2 0
github.com/Capstone-Tim-12/warehouse-managament-system-be/usecase/user/user_dasboard.go:34.16,38.3 3 0
github.com/Capstone-Tim-12/warehouse-managament-system-be/usecase/user/user_dasboard.go:39.2,45.8 2 0
github.com/Capstone-Tim-12/warehouse-managament-system-be/usecase/user/user_delete.go:11.75,13.16 2 0
github.com/Capstone-Tim-12/warehouse-managament-system-be/usecase/user/user_delete.go:13.16,17.3 3 0
github.com/Capstone-Tim-12/warehouse-managament-system-be/usecase/user/user_delete.go:18.2,19.16 2 0
github.com/Capstone-Tim-12/warehouse-managament-system-be/usecase/user/user_delete.go:19.16,23.3 3 0
github.com/Capstone-Tim-12/warehouse-managament-system-be/usecase/user/user_delete.go:24.2,24.8 1 0
github.com/Capstone-Tim-12/warehouse-managament-system-be/usecase/user/user_login.go:12.131,14.16 2 0
github.com/Capstone-Tim-12/warehouse-managament-system-be/usecase/user/user_login.go:14.16,17.3 2 0
github.com/Capstone-Tim-12/warehouse-managament-system-be/usecase/user/user_login.go:19.2,20.16 2 0
github.com/Capstone-Tim-12/warehouse-managament-system-be/usecase/user/user_login.go:20.16,23.3 2 0
github.com/Capstone-Tim-12/warehouse-managament-system-be/usecase/user/user_login.go:25.2,30.16 5 0
github.com/Capstone-Tim-12/warehouse-managament-system-be/usecase/user/user_login.go:30.16,35.3 4 0
github.com/Capstone-Tim-12/warehouse-managament-system-be/usecase/user/user_login.go:37.2,47.8 5 0
github.com/Capstone-Tim-12/warehouse-managament-system-be/usecase/user/user_otp.go:16.88,18.16 2 0
github.com/Capstone-Tim-12/warehouse-managament-system-be/usecase/user/user_otp.go:18.16,22.3 3 0
github.com/Capstone-Tim-12/warehouse-managament-system-be/usecase/user/user_otp.go:24.2,25.16 2 0
github.com/Capstone-Tim-12/warehouse-managament-system-be/usecase/user/user_otp.go:25.16,27.3 1 0
github.com/Capstone-Tim-12/warehouse-managament-system-be/usecase/user/user_otp.go:29.2,29.8 1 0
github.com/Capstone-Tim-12/warehouse-managament-system-be/usecase/user/user_otp.go:32.145,34.16 2 0
github.com/Capstone-Tim-12/warehouse-managament-system-be/usecase/user/user_otp.go:34.16,38.3 3 0
github.com/Capstone-Tim-12/warehouse-managament-system-be/usecase/user/user_otp.go:40.2,40.36 1 0
github.com/Capstone-Tim-12/warehouse-managament-system-be/usecase/user/user_otp.go:40.36,44.3 3 0
github.com/Capstone-Tim-12/warehouse-managament-system-be/usecase/user/user_otp.go:45.2,45.36 1 0
github.com/Capstone-Tim-12/warehouse-managament-system-be/usecase/user/user_otp.go:45.36,49.3 3 0
github.com/Capstone-Tim-12/warehouse-managament-system-be/usecase/user/user_otp.go:51.2,52.16 2 0
github.com/Capstone-Tim-12/warehouse-managament-system-be/usecase/user/user_otp.go:52.16,56.3 3 0
github.com/Capstone-Tim-12/warehouse-managament-system-be/usecase/user/user_otp.go:58.2,62.16 4 0
github.com/Capstone-Tim-12/warehouse-managament-system-be/usecase/user/user_otp.go:62.16,67.3 4 0
github.com/Capstone-Tim-12/warehouse-managament-system-be/usecase/user/user_otp.go:69.2,77.16 4 0
github.com/Capstone-Tim-12/warehouse-managament-system-be/usecase/user/user_otp.go:77.16,81.3 3 0
github.com/Capstone-Tim-12/warehouse-managament-system-be/usecase/user/user_otp.go:83.2,86.8 4 0
github.com/Capstone-Tim-12/warehouse-managament-system-be/usecase/user/user_otp.go:89.91,98.16 4 1
github.com/Capstone-Tim-12/warehouse-managament-system-be/usecase/user/user_otp.go:98.16,102.3 3 1
github.com/Capstone-Tim-12/warehouse-managament-system-be/usecase/user/user_otp.go:104.2,113.16 4 1
github.com/Capstone-Tim-12/warehouse-managament-system-be/usecase/user/user_otp.go:113.16,117.3 3 1
github.com/Capstone-Tim-12/warehouse-managament-system-be/usecase/user/user_otp.go:119.2,119.8 1 1
github.com/Capstone-Tim-12/warehouse-managament-system-be/usecase/user/user_profile.go:14.133,16.16 2 0
github.com/Capstone-Tim-12/warehouse-managament-system-be/usecase/user/user_profile.go:16.16,20.3 3 0
github.com/Capstone-Tim-12/warehouse-managament-system-be/usecase/user/user_profile.go:22.2,25.16 4 0
github.com/Capstone-Tim-12/warehouse-managament-system-be/usecase/user/user_profile.go:25.16,30.3 4 0
github.com/Capstone-Tim-12/warehouse-managament-system-be/usecase/user/user_profile.go:32.2,33.8 2 0
github.com/Capstone-Tim-12/warehouse-managament-system-be/usecase/user/user_profile.go:36.124,38.16 2 0
github.com/Capstone-Tim-12/warehouse-managament-system-be/usecase/user/user_profile.go:38.16,42.3 3 0
github.com/Capstone-Tim-12/warehouse-managament-system-be/usecase/user/user_profile.go:44.2,47.16 4 0
github.com/Capstone-Tim-12/warehouse-managament-system-be/usecase/user/user_profile.go:47.16,52.3 4 0
github.com/Capstone-Tim-12/warehouse-managament-system-be/usecase/user/user_profile.go:54.2,55.8 2 0
github.com/Capstone-Tim-12/warehouse-managament-system-be/usecase/user/user_profile.go:58.113,60.16 2 0
github.com/Capstone-Tim-12/warehouse-managament-system-be/usecase/user/user_profile.go:60.16,64.3 3 0
github.com/Capstone-Tim-12/warehouse-managament-system-be/usecase/user/user_profile.go:66.2,76.24 3 0
github.com/Capstone-Tim-12/warehouse-managament-system-be/usecase/user/user_profile.go:76.24,92.3 15 0
github.com/Capstone-Tim-12/warehouse-managament-system-be/usecase/user/user_profile.go:94.2,94.8 1 0
github.com/Capstone-Tim-12/warehouse-managament-system-be/usecase/user/user_profile.go:97.129,99.16 2 0
github.com/Capstone-Tim-12/warehouse-managament-system-be/usecase/user/user_profile.go:99.16,103.3 3 0
github.com/Capstone-Tim-12/warehouse-managament-system-be/usecase/user/user_profile.go:105.2,105.36 1 0
github.com/Capstone-Tim-12/warehouse-managament-system-be/usecase/user/user_profile.go:105.36,109.3 3 0
github.com/Capstone-Tim-12/warehouse-managament-system-be/usecase/user/user_profile.go:111.2,112.8 2 0
github.com/Capstone-Tim-12/warehouse-managament-system-be/usecase/user/user_profile.go:115.102,117.16 2 0
github.com/Capstone-Tim-12/warehouse-managament-system-be/usecase/user/user_profile.go:117.16,121.3 3 0
github.com/Capstone-Tim-12/warehouse-managament-system-be/usecase/user/user_profile.go:122.2,122.33 1 0
github.com/Capstone-Tim-12/warehouse-managament-system-be/usecase/user/user_profile.go:122.33,127.3 1 0
github.com/Capstone-Tim-12/warehouse-managament-system-be/usecase/user/user_profile.go:128.2,128.8 1 0
github.com/Capstone-Tim-12/warehouse-managament-system-be/usecase/user/user_profile.go:131.102,133.26 2 0
github.com/Capstone-Tim-12/warehouse-managament-system-be/usecase/user/user_profile.go:133.26,137.3 3 0
github.com/Capstone-Tim-12/warehouse-managament-system-be/usecase/user/user_profile.go:138.2,139.16 2 0
github.com/Capstone-Tim-12/warehouse-managament-system-be/usecase/user/user_profile.go:139.16,143.3 3 0
github.com/Capstone-Tim-12/warehouse-managament-system-be/usecase/user/user_profile.go:145.2,149.16 5 0
github.com/Capstone-Tim-12/warehouse-managament-system-be/usecase/user/user_profile.go:149.16,154.3 4 0
github.com/Capstone-Tim-12/warehouse-managament-system-be/usecase/user/user_profile.go:156.2,157.16 2 0
github.com/Capstone-Tim-12/warehouse-managament-system-be/usecase/user/user_profile.go:157.16,160.3 2 0
github.com/Capstone-Tim-12/warehouse-managament-system-be/usecase/user/user_profile.go:162.2,163.8 2 0
github.com/Capstone-Tim-12/warehouse-managament-system-be/usecase/user/user_region.go:11.100,13.16 2 0
github.com/Capstone-Tim-12/warehouse-managament-system-be/usecase/user/user_region.go:13.16,16.3 2 0
github.com/Capstone-Tim-12/warehouse-managament-system-be/usecase/user/user_region.go:17.2,17.33 1 0
github.com/Capstone-Tim-12/warehouse-managament-system-be/usecase/user/user_region.go:17.33,22.3 1 0
github.com/Capstone-Tim-12/warehouse-managament-system-be/usecase/user/user_region.go:23.2,23.8 1 0
github.com/Capstone-Tim-12/warehouse-managament-system-be/usecase/user/user_region.go:26.119,28.16 2 0
github.com/Capstone-Tim-12/warehouse-managament-system-be/usecase/user/user_region.go:28.16,31.3 2 0
github.com/Capstone-Tim-12/warehouse-managament-system-be/usecase/user/user_region.go:33.2,34.16 2 0
github.com/Capstone-Tim-12/warehouse-managament-system-be/usecase/user/user_region.go:34.16,37.3 2 0
github.com/Capstone-Tim-12/warehouse-managament-system-be/usecase/user/user_region.go:39.2,39.33 1 0
github.com/Capstone-Tim-12/warehouse-managament-system-be/usecase/user/user_region.go:39.33,44.3 1 0
github.com/Capstone-Tim-12/warehouse-managament-system-be/usecase/user/user_region.go:45.2,45.8 1 0
github.com/Capstone-Tim-12/warehouse-managament-system-be/usecase/user/user_region.go:48.118,50.16 2 0
github.com/Capstone-Tim-12/warehouse-managament-system-be/usecase/user/user_region.go:50.16,53.3 2 0
github.com/Capstone-Tim-12/warehouse-managament-system-be/usecase/user/user_region.go:55.2,56.16 2 0
github.com/Capstone-Tim-12/warehouse-managament-system-be/usecase/user/user_region.go:56.16,59.3 2 0
github.com/Capstone-Tim-12/warehouse-managament-system-be/usecase/user/user_region.go:61.2,61.33 1 0
github.com/Capstone-Tim-12/warehouse-managament-system-be/usecase/user/user_region.go:61.33,66.3 1 0
github.com/Capstone-Tim-12/warehouse-managament-system-be/usecase/user/user_region.go:67.2,67.8 1 0
github.com/Capstone-Tim-12/warehouse-managament-system-be/usecase/user/user_register.go:15.152,17.26 2 1
github.com/Capstone-Tim-12/warehouse-managament-system-be/usecase/user/user_register.go:17.26,21.3 3 1
github.com/Capstone-Tim-12/warehouse-managament-system-be/usecase/user/user_register.go:23.2,26.16 4 1
github.com/Capstone-Tim-12/warehouse-managament-system-be/usecase/user/user_register.go:26.16,30.3 3 0
github.com/Capstone-Tim-12/warehouse-managament-system-be/usecase/user/user_register.go:32.2,32.25 1 1
github.com/Capstone-Tim-12/warehouse-managament-system-be/usecase/user/user_register.go:32.25,36.3 3 0
github.com/Capstone-Tim-12/warehouse-managament-system-be/usecase/user/user_register.go:38.2,49.16 5 1
github.com/Capstone-Tim-12/warehouse-managament-system-be/usecase/user/user_register.go:49.16,54.3 4 1
github.com/Capstone-Tim-12/warehouse-managament-system-be/usecase/user/user_register.go:56.2,57.16 2 1
github.com/Capstone-Tim-12/warehouse-managament-system-be/usecase/user/user_register.go:57.16,61.3 3 1
github.com/Capstone-Tim-12/warehouse-managament-system-be/usecase/user/user_register.go:63.2,65.8 3 1
github.com/Capstone-Tim-12/warehouse-managament-system-be/usecase/user/user_register.go:68.100,70.16 2 0
github.com/Capstone-Tim-12/warehouse-managament-system-be/usecase/user/user_register.go:70.16,74.3 3 0
github.com/Capstone-Tim-12/warehouse-managament-system-be/usecase/user/user_register.go:76.2,76.31 1 0
github.com/Capstone-Tim-12/warehouse-managament-system-be/usecase/user/user_register.go:76.31,80.3 3 0
github.com/Capstone-Tim-12/warehouse-managament-system-be/usecase/user/user_register.go:82.2,83.16 2 0
github.com/Capstone-Tim-12/warehouse-managament-system-be/usecase/user/user_register.go:83.16,87.3 3 0
github.com/Capstone-Tim-12/warehouse-managament-system-be/usecase/user/user_register.go:89.2,105.16 4 0
github.com/Capstone-Tim-12/warehouse-managament-system-be/usecase/user/user_register.go:105.16,110.3 4 0
github.com/Capstone-Tim-12/warehouse-managament-system-be/usecase/user/user_register.go:112.2,114.16 3 0
github.com/Capstone-Tim-12/warehouse-managament-system-be/usecase/user/user_register.go:114.16,119.3 4 0
github.com/Capstone-Tim-12/warehouse-managament-system-be/usecase/user/user_register.go:121.2,122.8 2 0
github.com/Capstone-Tim-12/warehouse-managament-system-be/usecase/user/user_reset.go:13.102,16.16 3 0
github.com/Capstone-Tim-12/warehouse-managament-system-be/usecase/user/user_reset.go:16.16,20.3 3 0
github.com/Capstone-Tim-12/warehouse-managament-system-be/usecase/user/user_reset.go:22.2,22.36 1 0
github.com/Capstone-Tim-12/warehouse-managament-system-be/usecase/user/user_reset.go:22.36,26.3 3 0
github.com/Capstone-Tim-12/warehouse-managament-system-be/usecase/user/user_reset.go:27.2,27.41 1 0
github.com/Capstone-Tim-12/warehouse-managament-system-be/usecase/user/user_reset.go:27.41,31.3 3 0
github.com/Capstone-Tim-12/warehouse-managament-system-be/usecase/user/user_reset.go:32.2,33.16 2 0
github.com/Capstone-Tim-12/warehouse-managament-system-be/usecase/user/user_reset.go:33.16,36.3 2 0
github.com/Capstone-Tim-12/warehouse-managament-system-be/usecase/user/user_reset.go:38.2,42.16 5 0
github.com/Capstone-Tim-12/warehouse-managament-system-be/usecase/user/user_reset.go:42.16,47.3 4 0
github.com/Capstone-Tim-12/warehouse-managament-system-be/usecase/user/user_reset.go:49.2,50.8 2 0
